0 info it worked if it ends with ok
1 verbose cli [ 'node',
1 verbose cli   '/usr/local/bin/npm',
1 verbose cli   'install',
1 verbose cli   '-g',
1 verbose cli   'nodemon;',
1 verbose cli   'nodemon',
1 verbose cli   'index.js' ]
2 info using npm@2.7.0
3 info using node@v0.12.0
4 silly cache add args [ 'nodemon;', null ]
5 verbose cache add spec nodemon;
6 silly cache add args [ 'nodemon', null ]
7 verbose cache add spec nodemon
8 silly cache add args [ 'index.js', null ]
9 verbose cache add spec index.js
10 silly cache add parsed spec { raw: 'nodemon;',
10 silly cache add   scope: null,
10 silly cache add   name: null,
10 silly cache add   rawSpec: 'nodemon;',
10 silly cache add   spec: '/opt/app/nodemon;',
10 silly cache add   type: 'local' }
11 silly cache add parsed spec { raw: 'nodemon',
11 silly cache add   scope: null,
11 silly cache add   name: 'nodemon',
11 silly cache add   rawSpec: '',
11 silly cache add   spec: '*',
11 silly cache add   type: 'range' }
12 verbose addNamed nodemon@*
13 silly addNamed semver.valid null
14 silly addNamed semver.validRange *
15 silly addNameRange { name: 'nodemon', range: '*', hasData: false }
16 silly mapToRegistry name nodemon
17 silly mapToRegistry using default registry
18 silly mapToRegistry registry https://registry.npmjs.org/
19 silly mapToRegistry uri https://registry.npmjs.org/nodemon
20 verbose addNameRange registry:https://registry.npmjs.org/nodemon not in flight; fetching
21 silly cache add parsed spec { raw: 'index.js',
21 silly cache add   scope: null,
21 silly cache add   name: null,
21 silly cache add   rawSpec: 'index.js',
21 silly cache add   spec: '/opt/app/index.js',
21 silly cache add   type: 'local' }
22 error addLocal Could not install /opt/app/nodemon;
23 verbose request uri https://registry.npmjs.org/nodemon
24 verbose request no auth needed
25 info attempt registry request try #1 at 16:04:05
26 verbose request id 472e24f24e161d7e
27 http request GET https://registry.npmjs.org/nodemon
28 silly addLocalTarball shasum (computed) bdbf62c40749e10bbb83f9a8d1c77482d35c977a
29 verbose addTmpTarball /opt/app/index.js not in flight; adding
30 verbose addTmpTarball validating metadata from /opt/app/index.js
31 verbose tar unpack /opt/app/index.js
32 verbose tar unpacking to /tmp/npm-1-1414875b/unpack-3990e315de64
33 verbose gentlyRm vacuuming /tmp/npm-1-1414875b/unpack-3990e315de64
34 silly gunzTarPerm modes [ '755', '644' ]
35 error not a package /opt/app/index.js
36 error addLocal Could not install /opt/app/index.js
37 http 200 https://registry.npmjs.org/nodemon
38 silly get cb [ 200,
38 silly get   { date: 'Wed, 11 Mar 2015 16:04:05 GMT',
38 silly get     server: 'CouchDB/1.5.0 (Erlang OTP/R16B03)',
38 silly get     etag: '"CDM85S8NNZEQ6BSIENGC7J2FC"',
38 silly get     'content-type': 'application/json',
38 silly get     'cache-control': 'max-age=60',
38 silly get     'content-length': '147348',
38 silly get     'accept-ranges': 'bytes',
38 silly get     via: '1.1 varnish',
38 silly get     age: '7',
38 silly get     'x-served-by': 'cache-atl6229-ATL',
38 silly get     'x-cache': 'HIT',
38 silly get     'x-cache-hits': '1',
38 silly get     'x-timer': 'S1426089845.362185,VS0,VE2',
38 silly get     vary: 'Accept',
38 silly get     'keep-alive': 'timeout=10, max=50',
38 silly get     connection: 'Keep-Alive' } ]
39 verbose get saving nodemon to /root/.npm/registry.npmjs.org/nodemon/.cache.json
40 silly addNameRange number 2 { name: 'nodemon', range: '*', hasData: true }
41 silly addNameRange versions [ 'nodemon',
41 silly addNameRange   [ '0.1.4',
41 silly addNameRange     '0.1.5',
41 silly addNameRange     '0.1.6',
41 silly addNameRange     '0.1.7',
41 silly addNameRange     '0.1.8',
41 silly addNameRange     '0.2.0',
41 silly addNameRange     '0.2.1',
41 silly addNameRange     '0.2.2',
41 silly addNameRange     '0.3.0',
41 silly addNameRange     '0.3.1',
41 silly addNameRange     '0.3.2',
41 silly addNameRange     '0.4.0',
41 silly addNameRange     '0.4.1',
41 silly addNameRange     '0.5.0',
41 silly addNameRange     '0.5.1',
41 silly addNameRange     '0.5.2',
41 silly addNameRange     '0.5.3',
41 silly addNameRange     '0.5.4',
41 silly addNameRange     '0.5.5',
41 silly addNameRange     '0.5.6',
41 silly addNameRange     '0.5.7',
41 silly addNameRange     '0.6.0',
41 silly addNameRange     '0.6.1',
41 silly addNameRange     '0.6.2',
41 silly addNameRange     '0.6.3',
41 silly addNameRange     '0.6.4',
41 silly addNameRange     '0.6.5',
41 silly addNameRange     '0.6.6',
41 silly addNameRange     '0.6.7',
41 silly addNameRange     '0.6.8',
41 silly addNameRange     '0.6.9',
41 silly addNameRange     '0.6.10',
41 silly addNameRange     '0.6.11',
41 silly addNameRange     '0.6.12',
41 silly addNameRange     '0.6.13',
41 silly addNameRange     '0.6.14',
41 silly addNameRange     '0.6.15',
41 silly addNameRange     '0.6.16',
41 silly addNameRange     '0.6.17',
41 silly addNameRange     '0.6.18',
41 silly addNameRange     '0.6.19',
41 silly addNameRange     '0.6.20',
41 silly addNameRange     '0.6.21',
41 silly addNameRange     '0.6.22',
41 silly addNameRange     '0.6.23',
41 silly addNameRange     '0.7.0',
41 silly addNameRange     '0.7.1',
41 silly addNameRange     '0.7.2',
41 silly addNameRange     '0.7.3',
41 silly addNameRange     '0.7.4',
41 silly addNameRange     '0.7.5',
41 silly addNameRange     '0.7.6',
41 silly addNameRange     '0.7.7',
41 silly addNameRange     '0.7.8',
41 silly addNameRange     '0.7.10',
41 silly addNameRange     '0.9.0',
41 silly addNameRange     '0.9.1',
41 silly addNameRange     '0.9.2',
41 silly addNameRange     '0.9.3',
41 silly addNameRange     '0.9.5',
41 silly addNameRange     '0.9.6',
41 silly addNameRange     '0.9.7',
41 silly addNameRange     '0.9.10',
41 silly addNameRange     '0.9.11',
41 silly addNameRange     '0.9.12',
41 silly addNameRange     '0.9.14',
41 silly addNameRange     '0.9.16',
41 silly addNameRange     '0.9.17',
41 silly addNameRange     '1.0.0',
41 silly addNameRange     '1.0.1',
41 silly addNameRange     '1.0.2',
41 silly addNameRange     '1.0.2-rc',
41 silly addNameRange     '0.6.10-a',
41 silly addNameRange     '1.0.2-rc3',
41 silly addNameRange     '1.0.2-rc4',
41 silly addNameRange     '1.0.3',
41 silly addNameRange     '1.0.4',
41 silly addNameRange     '1.0.5',
41 silly addNameRange     '1.0.6',
41 silly addNameRange     '1.0.7',
41 silly addNameRange     '1.0.8',
41 silly addNameRange     '1.0.9',
41 silly addNameRange     '1.0.10',
41 silly addNameRange     '1.0.11',
41 silly addNameRange     '1.0.12',
41 silly addNameRange     '1.0.13',
41 silly addNameRange     '1.0.14',
41 silly addNameRange     '1.0.15',
41 silly addNameRange     '1.0.16',
41 silly addNameRange     '1.0.17-rc1',
41 silly addNameRange     '1.0.17-rc2',
41 silly addNameRange     '1.0.17',
41 silly addNameRange     '1.0.18',
41 silly addNameRange     '1.0.19',
41 silly addNameRange     '1.0.20',
41 silly addNameRange     '1.1.0-alpha',
41 silly addNameRange     '1.1.0',
41 silly addNameRange     '1.1.1',
41 silly addNameRange     '1.2.0',
41 silly addNameRange     '1.2.1',
41 silly addNameRange     '1.3.0-0',
41 silly addNameRange     '1.3.0-1',
41 silly addNameRange     '1.3.0-2',
41 silly addNameRange     '1.3.0-3',
41 silly addNameRange     '1.3.0-4',
41 silly addNameRange     '1.3.0-5',
41 silly addNameRange     '1.3.0-6',
41 silly addNameRange     '1.3.0-7',
41 silly addNameRange     '1.3.0',
41 silly addNameRange     '1.3.1',
41 silly addNameRange     '1.3.2',
41 silly addNameRange     '1.3.3',
41 silly addNameRange     '1.3.5',
41 silly addNameRange     '1.3.6',
41 silly addNameRange     '1.3.7' ] ]
42 verbose addNamed nodemon@1.3.7
43 silly addNamed semver.valid 1.3.7
44 silly addNamed semver.validRange 1.3.7
45 silly mapToRegistry name nodemon
46 silly mapToRegistry using default registry
47 silly mapToRegistry registry https://registry.npmjs.org/
48 silly mapToRegistry uri https://registry.npmjs.org/nodemon
49 verbose addRemoteTarball https://registry.npmjs.org/nodemon/-/nodemon-1.3.7.tgz not in flight; adding
50 verbose addRemoteTarball [ 'https://registry.npmjs.org/nodemon/-/nodemon-1.3.7.tgz',
50 verbose addRemoteTarball   '447bc2e01bf499cbf5853f9937496e0a04835449' ]
51 info retry fetch attempt 1 at 16:04:05
52 info attempt registry request try #1 at 16:04:05
53 http fetch GET https://registry.npmjs.org/nodemon/-/nodemon-1.3.7.tgz
54 http fetch 200 https://registry.npmjs.org/nodemon/-/nodemon-1.3.7.tgz
55 silly fetchAndShaCheck shasum 447bc2e01bf499cbf5853f9937496e0a04835449
56 verbose addTmpTarball /tmp/npm-1-1414875b/registry.npmjs.org/nodemon/-/nodemon-1.3.7.tgz not in flight; adding
57 verbose addTmpTarball already have metadata; skipping unpack for nodemon@1.3.7
58 silly cache afterAdd nodemon@1.3.7
59 verbose afterAdd /root/.npm/nodemon/1.3.7/package/package.json not in flight; writing
60 verbose afterAdd /root/.npm/nodemon/1.3.7/package/package.json written
61 verbose stack Error: ENOENT, open '/opt/app/nodemon;'
61 verbose stack     at Error (native)
62 verbose cwd /opt/app
63 error Linux 3.18.5-tinycore64
64 error argv "node" "/usr/local/bin/npm" "install" "-g" "nodemon;" "nodemon" "index.js"
65 error node v0.12.0
66 error npm  v2.7.0
67 error path /opt/app/nodemon;
68 error code ENOENT
69 error errno -2
70 error enoent ENOENT, open '/opt/app/nodemon;'
70 error enoent This is most likely not a problem with npm itself
70 error enoent and is related to npm not being able to find a file.
71 verbose exit [ -2, true ]
